2015-03-15 13:20:18,005 Performance - ---------------------------------------------------
CPU Usage: 0.00%, Physical Memory Usage: 38,006,784.00, Total Thread Count: 24
AvailableWorkingThreads: 32766, AvailableCompletionPortThreads: 1000
MaxWorkingThreads: 32767, MaxCompletionPortThreads: 1000
GameService ----------------------------------
Started Time: 2015/3/15 13:20:17
Is Running: True
Total Connections: 0
Maximum Allowed Connection Number: 1000
Total Handled Requests: 0
Request Handling Speed (#/second): 0
Avialable Sending Queue Items: 256
Total Sending Queue Items: 256
ManagementServer ----------------------------------
Started Time: 2015/3/15 13:20:17
Is Running: True
Total Connections: 0
Maximum Allowed Connection Number: 100
Total Handled Requests: 0
Request Handling Speed (#/second): 0
Avialable Sending Queue Items: 256
Total Sending Queue Items: 256
SilverlightPolicyServer ----------------------------------
Started Time: 2015/3/15 13:20:17
Is Running: True
Total Connections: 0
Maximum Allowed Connection Number: 10
Total Handled Requests: 0
Request Handling Speed (#/second): 0
Avialable Sending Queue Items: 256
Total Sending Queue Items: 256

2015-03-15 13:21:17,544 Performance - ---------------------------------------------------
CPU Usage: 0.35%, Physical Memory Usage: 44,908,544.00, Total Thread Count: 31
AvailableWorkingThreads: 32766, AvailableCompletionPortThreads: 1000
MaxWorkingThreads: 32767, MaxCompletionPortThreads: 1000
GameService ----------------------------------
Started Time: 2015/3/15 13:20:17
Is Running: True
Total Connections: 1
Maximum Allowed Connection Number: 1000
Total Handled Requests: 0
Request Handling Speed (#/second): 0
Avialable Sending Queue Items: 255
Total Sending Queue Items: 256
ManagementServer ----------------------------------
Started Time: 2015/3/15 13:20:17
Is Running: True
Total Connections: 0
Maximum Allowed Connection Number: 100
Total Handled Requests: 0
Request Handling Speed (#/second): 0
Avialable Sending Queue Items: 256
Total Sending Queue Items: 256
SilverlightPolicyServer ----------------------------------
Started Time: 2015/3/15 13:20:17
Is Running: True
Total Connections: 0
Maximum Allowed Connection Number: 10
Total Handled Requests: 0
Request Handling Speed (#/second): 0
Avialable Sending Queue Items: 256
Total Sending Queue Items: 256

2015-03-15 13:22:17,545 Performance - ---------------------------------------------------
CPU Usage: 0.01%, Physical Memory Usage: 45,080,576.00, Total Thread Count: 27
AvailableWorkingThreads: 32765, AvailableCompletionPortThreads: 1000
MaxWorkingThreads: 32767, MaxCompletionPortThreads: 1000
GameService ----------------------------------
Started Time: 2015/3/15 13:20:17
Is Running: True
Total Connections: 1
Maximum Allowed Connection Number: 1000
Total Handled Requests: 0
Request Handling Speed (#/second): 0
Avialable Sending Queue Items: 255
Total Sending Queue Items: 256
ManagementServer ----------------------------------
Started Time: 2015/3/15 13:20:17
Is Running: True
Total Connections: 0
Maximum Allowed Connection Number: 100
Total Handled Requests: 0
Request Handling Speed (#/second): 0
Avialable Sending Queue Items: 256
Total Sending Queue Items: 256
SilverlightPolicyServer ----------------------------------
Started Time: 2015/3/15 13:20:17
Is Running: True
Total Connections: 0
Maximum Allowed Connection Number: 10
Total Handled Requests: 0
Request Handling Speed (#/second): 0
Avialable Sending Queue Items: 256
Total Sending Queue Items: 256

2015-03-15 13:23:17,545 Performance - ---------------------------------------------------
CPU Usage: 0.00%, Physical Memory Usage: 45,617,152.00, Total Thread Count: 26
AvailableWorkingThreads: 32766, AvailableCompletionPortThreads: 1000
MaxWorkingThreads: 32767, MaxCompletionPortThreads: 1000
GameService ----------------------------------
Started Time: 2015/3/15 13:20:17
Is Running: True
Total Connections: 1
Maximum Allowed Connection Number: 1000
Total Handled Requests: 0
Request Handling Speed (#/second): 0
Avialable Sending Queue Items: 255
Total Sending Queue Items: 256
ManagementServer ----------------------------------
Started Time: 2015/3/15 13:20:17
Is Running: True
Total Connections: 0
Maximum Allowed Connection Number: 100
Total Handled Requests: 0
Request Handling Speed (#/second): 0
Avialable Sending Queue Items: 256
Total Sending Queue Items: 256
SilverlightPolicyServer ----------------------------------
Started Time: 2015/3/15 13:20:17
Is Running: True
Total Connections: 0
Maximum Allowed Connection Number: 10
Total Handled Requests: 0
Request Handling Speed (#/second): 0
Avialable Sending Queue Items: 256
Total Sending Queue Items: 256

2015-03-15 13:24:17,557 Performance - ---------------------------------------------------
CPU Usage: 0.00%, Physical Memory Usage: 46,116,864.00, Total Thread Count: 26
AvailableWorkingThreads: 32766, AvailableCompletionPortThreads: 1000
MaxWorkingThreads: 32767, MaxCompletionPortThreads: 1000
GameService ----------------------------------
Started Time: 2015/3/15 13:20:17
Is Running: True
Total Connections: 1
Maximum Allowed Connection Number: 1000
Total Handled Requests: 0
Request Handling Speed (#/second): 0
Avialable Sending Queue Items: 255
Total Sending Queue Items: 256
ManagementServer ----------------------------------
Started Time: 2015/3/15 13:20:17
Is Running: True
Total Connections: 0
Maximum Allowed Connection Number: 100
Total Handled Requests: 0
Request Handling Speed (#/second): 0
Avialable Sending Queue Items: 256
Total Sending Queue Items: 256
SilverlightPolicyServer ----------------------------------
Started Time: 2015/3/15 13:20:17
Is Running: True
Total Connections: 0
Maximum Allowed Connection Number: 10
Total Handled Requests: 0
Request Handling Speed (#/second): 0
Avialable Sending Queue Items: 256
Total Sending Queue Items: 256

2015-03-15 13:25:17,557 Performance - ---------------------------------------------------
CPU Usage: 0.00%, Physical Memory Usage: 46,424,064.00, Total Thread Count: 25
AvailableWorkingThreads: 32766, AvailableCompletionPortThreads: 1000
MaxWorkingThreads: 32767, MaxCompletionPortThreads: 1000
GameService ----------------------------------
Started Time: 2015/3/15 13:20:17
Is Running: True
Total Connections: 1
Maximum Allowed Connection Number: 1000
Total Handled Requests: 0
Request Handling Speed (#/second): 0
Avialable Sending Queue Items: 255
Total Sending Queue Items: 256
ManagementServer ----------------------------------
Started Time: 2015/3/15 13:20:17
Is Running: True
Total Connections: 0
Maximum Allowed Connection Number: 100
Total Handled Requests: 0
Request Handling Speed (#/second): 0
Avialable Sending Queue Items: 256
Total Sending Queue Items: 256
SilverlightPolicyServer ----------------------------------
Started Time: 2015/3/15 13:20:17
Is Running: True
Total Connections: 0
Maximum Allowed Connection Number: 10
Total Handled Requests: 0
Request Handling Speed (#/second): 0
Avialable Sending Queue Items: 256
Total Sending Queue Items: 256

2015-03-15 13:26:17,568 Performance - ---------------------------------------------------
CPU Usage: 0.00%, Physical Memory Usage: 46,485,504.00, Total Thread Count: 26
AvailableWorkingThreads: 32766, AvailableCompletionPortThreads: 1000
MaxWorkingThreads: 32767, MaxCompletionPortThreads: 1000
GameService ----------------------------------
Started Time: 2015/3/15 13:20:17
Is Running: True
Total Connections: 1
Maximum Allowed Connection Number: 1000
Total Handled Requests: 0
Request Handling Speed (#/second): 0
Avialable Sending Queue Items: 255
Total Sending Queue Items: 256
ManagementServer ----------------------------------
Started Time: 2015/3/15 13:20:17
Is Running: True
Total Connections: 0
Maximum Allowed Connection Number: 100
Total Handled Requests: 0
Request Handling Speed (#/second): 0
Avialable Sending Queue Items: 256
Total Sending Queue Items: 256
SilverlightPolicyServer ----------------------------------
Started Time: 2015/3/15 13:20:17
Is Running: True
Total Connections: 0
Maximum Allowed Connection Number: 10
Total Handled Requests: 0
Request Handling Speed (#/second): 0
Avialable Sending Queue Items: 256
Total Sending Queue Items: 256

2015-03-15 13:27:17,569 Performance - ---------------------------------------------------
CPU Usage: 0.00%, Physical Memory Usage: 46,886,912.00, Total Thread Count: 27
AvailableWorkingThreads: 32764, AvailableCompletionPortThreads: 1000
MaxWorkingThreads: 32767, MaxCompletionPortThreads: 1000
GameService ----------------------------------
Started Time: 2015/3/15 13:20:17
Is Running: True
Total Connections: 1
Maximum Allowed Connection Number: 1000
Total Handled Requests: 0
Request Handling Speed (#/second): 0
Avialable Sending Queue Items: 255
Total Sending Queue Items: 256
ManagementServer ----------------------------------
Started Time: 2015/3/15 13:20:17
Is Running: True
Total Connections: 0
Maximum Allowed Connection Number: 100
Total Handled Requests: 0
Request Handling Speed (#/second): 0
Avialable Sending Queue Items: 256
Total Sending Queue Items: 256
SilverlightPolicyServer ----------------------------------
Started Time: 2015/3/15 13:20:17
Is Running: True
Total Connections: 0
Maximum Allowed Connection Number: 10
Total Handled Requests: 0
Request Handling Speed (#/second): 0
Avialable Sending Queue Items: 256
Total Sending Queue Items: 256

2015-03-15 13:28:17,571 Performance - ---------------------------------------------------
CPU Usage: 0.00%, Physical Memory Usage: 47,312,896.00, Total Thread Count: 26
AvailableWorkingThreads: 32764, AvailableCompletionPortThreads: 1000
MaxWorkingThreads: 32767, MaxCompletionPortThreads: 1000
GameService ----------------------------------
Started Time: 2015/3/15 13:20:17
Is Running: True
Total Connections: 1
Maximum Allowed Connection Number: 1000
Total Handled Requests: 0
Request Handling Speed (#/second): 0
Avialable Sending Queue Items: 255
Total Sending Queue Items: 256
ManagementServer ----------------------------------
Started Time: 2015/3/15 13:20:17
Is Running: True
Total Connections: 0
Maximum Allowed Connection Number: 100
Total Handled Requests: 0
Request Handling Speed (#/second): 0
Avialable Sending Queue Items: 256
Total Sending Queue Items: 256
SilverlightPolicyServer ----------------------------------
Started Time: 2015/3/15 13:20:17
Is Running: True
Total Connections: 0
Maximum Allowed Connection Number: 10
Total Handled Requests: 0
Request Handling Speed (#/second): 0
Avialable Sending Queue Items: 256
Total Sending Queue Items: 256

2015-03-15 13:29:17,573 Performance - ---------------------------------------------------
CPU Usage: 0.02%, Physical Memory Usage: 47,521,792.00, Total Thread Count: 26
AvailableWorkingThreads: 32764, AvailableCompletionPortThreads: 1000
MaxWorkingThreads: 32767, MaxCompletionPortThreads: 1000
GameService ----------------------------------
Started Time: 2015/3/15 13:20:17
Is Running: True
Total Connections: 1
Maximum Allowed Connection Number: 1000
Total Handled Requests: 0
Request Handling Speed (#/second): 0
Avialable Sending Queue Items: 255
Total Sending Queue Items: 256
ManagementServer ----------------------------------
Started Time: 2015/3/15 13:20:17
Is Running: True
Total Connections: 0
Maximum Allowed Connection Number: 100
Total Handled Requests: 0
Request Handling Speed (#/second): 0
Avialable Sending Queue Items: 256
Total Sending Queue Items: 256
SilverlightPolicyServer ----------------------------------
Started Time: 2015/3/15 13:20:17
Is Running: True
Total Connections: 0
Maximum Allowed Connection Number: 10
Total Handled Requests: 0
Request Handling Speed (#/second): 0
Avialable Sending Queue Items: 256
Total Sending Queue Items: 256

2015-03-15 13:30:17,588 Performance - ---------------------------------------------------
CPU Usage: 0.00%, Physical Memory Usage: 47,915,008.00, Total Thread Count: 25
AvailableWorkingThreads: 32764, AvailableCompletionPortThreads: 1000
MaxWorkingThreads: 32767, MaxCompletionPortThreads: 1000
GameService ----------------------------------
Started Time: 2015/3/15 13:20:17
Is Running: True
Total Connections: 1
Maximum Allowed Connection Number: 1000
Total Handled Requests: 0
Request Handling Speed (#/second): 0
Avialable Sending Queue Items: 255
Total Sending Queue Items: 256
ManagementServer ----------------------------------
Started Time: 2015/3/15 13:20:17
Is Running: True
Total Connections: 0
Maximum Allowed Connection Number: 100
Total Handled Requests: 0
Request Handling Speed (#/second): 0
Avialable Sending Queue Items: 256
Total Sending Queue Items: 256
SilverlightPolicyServer ----------------------------------
Started Time: 2015/3/15 13:20:17
Is Running: True
Total Connections: 0
Maximum Allowed Connection Number: 10
Total Handled Requests: 0
Request Handling Speed (#/second): 0
Avialable Sending Queue Items: 256
Total Sending Queue Items: 256

2015-03-15 13:31:17,601 Performance - ---------------------------------------------------
CPU Usage: 0.00%, Physical Memory Usage: 48,410,624.00, Total Thread Count: 27
AvailableWorkingThreads: 32764, AvailableCompletionPortThreads: 1000
MaxWorkingThreads: 32767, MaxCompletionPortThreads: 1000
GameService ----------------------------------
Started Time: 2015/3/15 13:20:17
Is Running: True
Total Connections: 1
Maximum Allowed Connection Number: 1000
Total Handled Requests: 0
Request Handling Speed (#/second): 0
Avialable Sending Queue Items: 255
Total Sending Queue Items: 256
ManagementServer ----------------------------------
Started Time: 2015/3/15 13:20:17
Is Running: True
Total Connections: 0
Maximum Allowed Connection Number: 100
Total Handled Requests: 0
Request Handling Speed (#/second): 0
Avialable Sending Queue Items: 256
Total Sending Queue Items: 256
SilverlightPolicyServer ----------------------------------
Started Time: 2015/3/15 13:20:17
Is Running: True
Total Connections: 0
Maximum Allowed Connection Number: 10
Total Handled Requests: 0
Request Handling Speed (#/second): 0
Avialable Sending Queue Items: 256
Total Sending Queue Items: 256

2015-03-15 13:32:17,624 Performance - ---------------------------------------------------
CPU Usage: 0.01%, Physical Memory Usage: 48,803,840.00, Total Thread Count: 25
AvailableWorkingThreads: 32764, AvailableCompletionPortThreads: 1000
MaxWorkingThreads: 32767, MaxCompletionPortThreads: 1000
GameService ----------------------------------
Started Time: 2015/3/15 13:20:17
Is Running: True
Total Connections: 1
Maximum Allowed Connection Number: 1000
Total Handled Requests: 0
Request Handling Speed (#/second): 0
Avialable Sending Queue Items: 255
Total Sending Queue Items: 256
ManagementServer ----------------------------------
Started Time: 2015/3/15 13:20:17
Is Running: True
Total Connections: 0
Maximum Allowed Connection Number: 100
Total Handled Requests: 0
Request Handling Speed (#/second): 0
Avialable Sending Queue Items: 256
Total Sending Queue Items: 256
SilverlightPolicyServer ----------------------------------
Started Time: 2015/3/15 13:20:17
Is Running: True
Total Connections: 0
Maximum Allowed Connection Number: 10
Total Handled Requests: 0
Request Handling Speed (#/second): 0
Avialable Sending Queue Items: 256
Total Sending Queue Items: 256

2015-03-15 13:33:17,613 Performance - ---------------------------------------------------
CPU Usage: 0.01%, Physical Memory Usage: 49,250,304.00, Total Thread Count: 26
AvailableWorkingThreads: 32764, AvailableCompletionPortThreads: 1000
MaxWorkingThreads: 32767, MaxCompletionPortThreads: 1000
GameService ----------------------------------
Started Time: 2015/3/15 13:20:17
Is Running: True
Total Connections: 1
Maximum Allowed Connection Number: 1000
Total Handled Requests: 0
Request Handling Speed (#/second): 0
Avialable Sending Queue Items: 255
Total Sending Queue Items: 256
ManagementServer ----------------------------------
Started Time: 2015/3/15 13:20:17
Is Running: True
Total Connections: 0
Maximum Allowed Connection Number: 100
Total Handled Requests: 0
Request Handling Speed (#/second): 0
Avialable Sending Queue Items: 256
Total Sending Queue Items: 256
SilverlightPolicyServer ----------------------------------
Started Time: 2015/3/15 13:20:17
Is Running: True
Total Connections: 0
Maximum Allowed Connection Number: 10
Total Handled Requests: 0
Request Handling Speed (#/second): 0
Avialable Sending Queue Items: 256
Total Sending Queue Items: 256

2015-03-15 13:34:17,613 Performance - ---------------------------------------------------
CPU Usage: 0.00%, Physical Memory Usage: 49,647,616.00, Total Thread Count: 26
AvailableWorkingThreads: 32763, AvailableCompletionPortThreads: 1000
MaxWorkingThreads: 32767, MaxCompletionPortThreads: 1000
GameService ----------------------------------
Started Time: 2015/3/15 13:20:17
Is Running: True
Total Connections: 1
Maximum Allowed Connection Number: 1000
Total Handled Requests: 0
Request Handling Speed (#/second): 0
Avialable Sending Queue Items: 255
Total Sending Queue Items: 256
ManagementServer ----------------------------------
Started Time: 2015/3/15 13:20:17
Is Running: True
Total Connections: 0
Maximum Allowed Connection Number: 100
Total Handled Requests: 0
Request Handling Speed (#/second): 0
Avialable Sending Queue Items: 256
Total Sending Queue Items: 256
SilverlightPolicyServer ----------------------------------
Started Time: 2015/3/15 13:20:17
Is Running: True
Total Connections: 0
Maximum Allowed Connection Number: 10
Total Handled Requests: 0
Request Handling Speed (#/second): 0
Avialable Sending Queue Items: 256
Total Sending Queue Items: 256

2015-03-15 13:35:17,625 Performance - ---------------------------------------------------
CPU Usage: 0.00%, Physical Memory Usage: 50,061,312.00, Total Thread Count: 25
AvailableWorkingThreads: 32766, AvailableCompletionPortThreads: 1000
MaxWorkingThreads: 32767, MaxCompletionPortThreads: 1000
GameService ----------------------------------
Started Time: 2015/3/15 13:20:17
Is Running: True
Total Connections: 1
Maximum Allowed Connection Number: 1000
Total Handled Requests: 0
Request Handling Speed (#/second): 0
Avialable Sending Queue Items: 255
Total Sending Queue Items: 256
ManagementServer ----------------------------------
Started Time: 2015/3/15 13:20:17
Is Running: True
Total Connections: 0
Maximum Allowed Connection Number: 100
Total Handled Requests: 0
Request Handling Speed (#/second): 0
Avialable Sending Queue Items: 256
Total Sending Queue Items: 256
SilverlightPolicyServer ----------------------------------
Started Time: 2015/3/15 13:20:17
Is Running: True
Total Connections: 0
Maximum Allowed Connection Number: 10
Total Handled Requests: 0
Request Handling Speed (#/second): 0
Avialable Sending Queue Items: 256
Total Sending Queue Items: 256

2015-03-15 13:36:17,625 Performance - ---------------------------------------------------
CPU Usage: 0.00%, Physical Memory Usage: 50,515,968.00, Total Thread Count: 26
AvailableWorkingThreads: 32764, AvailableCompletionPortThreads: 1000
MaxWorkingThreads: 32767, MaxCompletionPortThreads: 1000
GameService ----------------------------------
Started Time: 2015/3/15 13:20:17
Is Running: True
Total Connections: 1
Maximum Allowed Connection Number: 1000
Total Handled Requests: 0
Request Handling Speed (#/second): 0
Avialable Sending Queue Items: 255
Total Sending Queue Items: 256
ManagementServer ----------------------------------
Started Time: 2015/3/15 13:20:17
Is Running: True
Total Connections: 0
Maximum Allowed Connection Number: 100
Total Handled Requests: 0
Request Handling Speed (#/second): 0
Avialable Sending Queue Items: 256
Total Sending Queue Items: 256
SilverlightPolicyServer ----------------------------------
Started Time: 2015/3/15 13:20:17
Is Running: True
Total Connections: 0
Maximum Allowed Connection Number: 10
Total Handled Requests: 0
Request Handling Speed (#/second): 0
Avialable Sending Queue Items: 256
Total Sending Queue Items: 256

2015-03-15 13:37:17,641 Performance - ---------------------------------------------------
CPU Usage: 0.00%, Physical Memory Usage: 50,909,184.00, Total Thread Count: 25
AvailableWorkingThreads: 32765, AvailableCompletionPortThreads: 1000
MaxWorkingThreads: 32767, MaxCompletionPortThreads: 1000
GameService ----------------------------------
Started Time: 2015/3/15 13:20:17
Is Running: True
Total Connections: 1
Maximum Allowed Connection Number: 1000
Total Handled Requests: 0
Request Handling Speed (#/second): 0
Avialable Sending Queue Items: 255
Total Sending Queue Items: 256
ManagementServer ----------------------------------
Started Time: 2015/3/15 13:20:17
Is Running: True
Total Connections: 0
Maximum Allowed Connection Number: 100
Total Handled Requests: 0
Request Handling Speed (#/second): 0
Avialable Sending Queue Items: 256
Total Sending Queue Items: 256
SilverlightPolicyServer ----------------------------------
Started Time: 2015/3/15 13:20:17
Is Running: True
Total Connections: 0
Maximum Allowed Connection Number: 10
Total Handled Requests: 0
Request Handling Speed (#/second): 0
Avialable Sending Queue Items: 256
Total Sending Queue Items: 256

2015-03-15 13:38:17,653 Performance - ---------------------------------------------------
CPU Usage: 0.00%, Physical Memory Usage: 51,380,224.00, Total Thread Count: 26
AvailableWorkingThreads: 32765, AvailableCompletionPortThreads: 1000
MaxWorkingThreads: 32767, MaxCompletionPortThreads: 1000
GameService ----------------------------------
Started Time: 2015/3/15 13:20:17
Is Running: True
Total Connections: 1
Maximum Allowed Connection Number: 1000
Total Handled Requests: 0
Request Handling Speed (#/second): 0
Avialable Sending Queue Items: 255
Total Sending Queue Items: 256
ManagementServer ----------------------------------
Started Time: 2015/3/15 13:20:17
Is Running: True
Total Connections: 0
Maximum Allowed Connection Number: 100
Total Handled Requests: 0
Request Handling Speed (#/second): 0
Avialable Sending Queue Items: 256
Total Sending Queue Items: 256
SilverlightPolicyServer ----------------------------------
Started Time: 2015/3/15 13:20:17
Is Running: True
Total Connections: 0
Maximum Allowed Connection Number: 10
Total Handled Requests: 0
Request Handling Speed (#/second): 0
Avialable Sending Queue Items: 256
Total Sending Queue Items: 256

2015-03-15 13:39:17,669 Performance - ---------------------------------------------------
CPU Usage: 0.00%, Physical Memory Usage: 51,789,824.00, Total Thread Count: 26
AvailableWorkingThreads: 32766, AvailableCompletionPortThreads: 1000
MaxWorkingThreads: 32767, MaxCompletionPortThreads: 1000
GameService ----------------------------------
Started Time: 2015/3/15 13:20:17
Is Running: True
Total Connections: 1
Maximum Allowed Connection Number: 1000
Total Handled Requests: 0
Request Handling Speed (#/second): 0
Avialable Sending Queue Items: 255
Total Sending Queue Items: 256
ManagementServer ----------------------------------
Started Time: 2015/3/15 13:20:17
Is Running: True
Total Connections: 0
Maximum Allowed Connection Number: 100
Total Handled Requests: 0
Request Handling Speed (#/second): 0
Avialable Sending Queue Items: 256
Total Sending Queue Items: 256
SilverlightPolicyServer ----------------------------------
Started Time: 2015/3/15 13:20:17
Is Running: True
Total Connections: 0
Maximum Allowed Connection Number: 10
Total Handled Requests: 0
Request Handling Speed (#/second): 0
Avialable Sending Queue Items: 256
Total Sending Queue Items: 256

2015-03-15 13:40:17,685 Performance - ---------------------------------------------------
CPU Usage: 0.00%, Physical Memory Usage: 52,142,080.00, Total Thread Count: 26
AvailableWorkingThreads: 32765, AvailableCompletionPortThreads: 1000
MaxWorkingThreads: 32767, MaxCompletionPortThreads: 1000
GameService ----------------------------------
Started Time: 2015/3/15 13:20:17
Is Running: True
Total Connections: 1
Maximum Allowed Connection Number: 1000
Total Handled Requests: 0
Request Handling Speed (#/second): 0
Avialable Sending Queue Items: 255
Total Sending Queue Items: 256
ManagementServer ----------------------------------
Started Time: 2015/3/15 13:20:17
Is Running: True
Total Connections: 0
Maximum Allowed Connection Number: 100
Total Handled Requests: 0
Request Handling Speed (#/second): 0
Avialable Sending Queue Items: 256
Total Sending Queue Items: 256
SilverlightPolicyServer ----------------------------------
Started Time: 2015/3/15 13:20:17
Is Running: True
Total Connections: 0
Maximum Allowed Connection Number: 10
Total Handled Requests: 0
Request Handling Speed (#/second): 0
Avialable Sending Queue Items: 256
Total Sending Queue Items: 256

2015-03-15 13:41:17,694 Performance - ---------------------------------------------------
CPU Usage: 0.00%, Physical Memory Usage: 52,572,160.00, Total Thread Count: 26
AvailableWorkingThreads: 32764, AvailableCompletionPortThreads: 1000
MaxWorkingThreads: 32767, MaxCompletionPortThreads: 1000
GameService ----------------------------------
Started Time: 2015/3/15 13:20:17
Is Running: True
Total Connections: 1
Maximum Allowed Connection Number: 1000
Total Handled Requests: 0
Request Handling Speed (#/second): 0
Avialable Sending Queue Items: 255
Total Sending Queue Items: 256
ManagementServer ----------------------------------
Started Time: 2015/3/15 13:20:17
Is Running: True
Total Connections: 0
Maximum Allowed Connection Number: 100
Total Handled Requests: 0
Request Handling Speed (#/second): 0
Avialable Sending Queue Items: 256
Total Sending Queue Items: 256
SilverlightPolicyServer ----------------------------------
Started Time: 2015/3/15 13:20:17
Is Running: True
Total Connections: 0
Maximum Allowed Connection Number: 10
Total Handled Requests: 0
Request Handling Speed (#/second): 0
Avialable Sending Queue Items: 256
Total Sending Queue Items: 256

2015-03-15 13:42:17,698 Performance - ---------------------------------------------------
CPU Usage: 0.00%, Physical Memory Usage: 52,973,568.00, Total Thread Count: 25
AvailableWorkingThreads: 32764, AvailableCompletionPortThreads: 1000
MaxWorkingThreads: 32767, MaxCompletionPortThreads: 1000
GameService ----------------------------------
Started Time: 2015/3/15 13:20:17
Is Running: True
Total Connections: 1
Maximum Allowed Connection Number: 1000
Total Handled Requests: 0
Request Handling Speed (#/second): 0
Avialable Sending Queue Items: 255
Total Sending Queue Items: 256
ManagementServer ----------------------------------
Started Time: 2015/3/15 13:20:17
Is Running: True
Total Connections: 0
Maximum Allowed Connection Number: 100
Total Handled Requests: 0
Request Handling Speed (#/second): 0
Avialable Sending Queue Items: 256
Total Sending Queue Items: 256
SilverlightPolicyServer ----------------------------------
Started Time: 2015/3/15 13:20:17
Is Running: True
Total Connections: 0
Maximum Allowed Connection Number: 10
Total Handled Requests: 0
Request Handling Speed (#/second): 0
Avialable Sending Queue Items: 256
Total Sending Queue Items: 256

2015-03-15 13:43:17,693 Performance - ---------------------------------------------------
CPU Usage: 0.00%, Physical Memory Usage: 53,428,224.00, Total Thread Count: 26
AvailableWorkingThreads: 32764, AvailableCompletionPortThreads: 1000
MaxWorkingThreads: 32767, MaxCompletionPortThreads: 1000
GameService ----------------------------------
Started Time: 2015/3/15 13:20:17
Is Running: True
Total Connections: 1
Maximum Allowed Connection Number: 1000
Total Handled Requests: 0
Request Handling Speed (#/second): 0
Avialable Sending Queue Items: 255
Total Sending Queue Items: 256
ManagementServer ----------------------------------
Started Time: 2015/3/15 13:20:17
Is Running: True
Total Connections: 0
Maximum Allowed Connection Number: 100
Total Handled Requests: 0
Request Handling Speed (#/second): 0
Avialable Sending Queue Items: 256
Total Sending Queue Items: 256
SilverlightPolicyServer ----------------------------------
Started Time: 2015/3/15 13:20:17
Is Running: True
Total Connections: 0
Maximum Allowed Connection Number: 10
Total Handled Requests: 0
Request Handling Speed (#/second): 0
Avialable Sending Queue Items: 256
Total Sending Queue Items: 256

2015-03-15 13:44:17,698 Performance - ---------------------------------------------------
CPU Usage: 0.00%, Physical Memory Usage: 53,805,056.00, Total Thread Count: 25
AvailableWorkingThreads: 32766, AvailableCompletionPortThreads: 1000
MaxWorkingThreads: 32767, MaxCompletionPortThreads: 1000
GameService ----------------------------------
Started Time: 2015/3/15 13:20:17
Is Running: True
Total Connections: 1
Maximum Allowed Connection Number: 1000
Total Handled Requests: 0
Request Handling Speed (#/second): 0
Avialable Sending Queue Items: 255
Total Sending Queue Items: 256
ManagementServer ----------------------------------
Started Time: 2015/3/15 13:20:17
Is Running: True
Total Connections: 0
Maximum Allowed Connection Number: 100
Total Handled Requests: 0
Request Handling Speed (#/second): 0
Avialable Sending Queue Items: 256
Total Sending Queue Items: 256
SilverlightPolicyServer ----------------------------------
Started Time: 2015/3/15 13:20:17
Is Running: True
Total Connections: 0
Maximum Allowed Connection Number: 10
Total Handled Requests: 0
Request Handling Speed (#/second): 0
Avialable Sending Queue Items: 256
Total Sending Queue Items: 256

2015-03-15 13:45:17,716 Performance - ---------------------------------------------------
CPU Usage: 0.00%, Physical Memory Usage: 54,251,520.00, Total Thread Count: 26
AvailableWorkingThreads: 32764, AvailableCompletionPortThreads: 1000
MaxWorkingThreads: 32767, MaxCompletionPortThreads: 1000
GameService ----------------------------------
Started Time: 2015/3/15 13:20:17
Is Running: True
Total Connections: 1
Maximum Allowed Connection Number: 1000
Total Handled Requests: 0
Request Handling Speed (#/second): 0
Avialable Sending Queue Items: 255
Total Sending Queue Items: 256
ManagementServer ----------------------------------
Started Time: 2015/3/15 13:20:17
Is Running: True
Total Connections: 0
Maximum Allowed Connection Number: 100
Total Handled Requests: 0
Request Handling Speed (#/second): 0
Avialable Sending Queue Items: 256
Total Sending Queue Items: 256
SilverlightPolicyServer ----------------------------------
Started Time: 2015/3/15 13:20:17
Is Running: True
Total Connections: 0
Maximum Allowed Connection Number: 10
Total Handled Requests: 0
Request Handling Speed (#/second): 0
Avialable Sending Queue Items: 256
Total Sending Queue Items: 256

2015-03-15 13:46:17,709 Performance - ---------------------------------------------------
CPU Usage: 0.01%, Physical Memory Usage: 54,689,792.00, Total Thread Count: 26
AvailableWorkingThreads: 32764, AvailableCompletionPortThreads: 1000
MaxWorkingThreads: 32767, MaxCompletionPortThreads: 1000
GameService ----------------------------------
Started Time: 2015/3/15 13:20:17
Is Running: True
Total Connections: 1
Maximum Allowed Connection Number: 1000
Total Handled Requests: 0
Request Handling Speed (#/second): 0
Avialable Sending Queue Items: 255
Total Sending Queue Items: 256
ManagementServer ----------------------------------
Started Time: 2015/3/15 13:20:17
Is Running: True
Total Connections: 0
Maximum Allowed Connection Number: 100
Total Handled Requests: 0
Request Handling Speed (#/second): 0
Avialable Sending Queue Items: 256
Total Sending Queue Items: 256
SilverlightPolicyServer ----------------------------------
Started Time: 2015/3/15 13:20:17
Is Running: True
Total Connections: 0
Maximum Allowed Connection Number: 10
Total Handled Requests: 0
Request Handling Speed (#/second): 0
Avialable Sending Queue Items: 256
Total Sending Queue Items: 256

2015-03-15 13:47:17,724 Performance - ---------------------------------------------------
CPU Usage: 0.01%, Physical Memory Usage: 55,095,296.00, Total Thread Count: 25
AvailableWorkingThreads: 32766, AvailableCompletionPortThreads: 1000
MaxWorkingThreads: 32767, MaxCompletionPortThreads: 1000
GameService ----------------------------------
Started Time: 2015/3/15 13:20:17
Is Running: True
Total Connections: 1
Maximum Allowed Connection Number: 1000
Total Handled Requests: 0
Request Handling Speed (#/second): 0
Avialable Sending Queue Items: 255
Total Sending Queue Items: 256
ManagementServer ----------------------------------
Started Time: 2015/3/15 13:20:17
Is Running: True
Total Connections: 0
Maximum Allowed Connection Number: 100
Total Handled Requests: 0
Request Handling Speed (#/second): 0
Avialable Sending Queue Items: 256
Total Sending Queue Items: 256
SilverlightPolicyServer ----------------------------------
Started Time: 2015/3/15 13:20:17
Is Running: True
Total Connections: 0
Maximum Allowed Connection Number: 10
Total Handled Requests: 0
Request Handling Speed (#/second): 0
Avialable Sending Queue Items: 256
Total Sending Queue Items: 256

2015-03-15 13:48:17,713 Performance - ---------------------------------------------------
CPU Usage: 0.00%, Physical Memory Usage: 55,562,240.00, Total Thread Count: 26
AvailableWorkingThreads: 32764, AvailableCompletionPortThreads: 1000
MaxWorkingThreads: 32767, MaxCompletionPortThreads: 1000
GameService ----------------------------------
Started Time: 2015/3/15 13:20:17
Is Running: True
Total Connections: 1
Maximum Allowed Connection Number: 1000
Total Handled Requests: 0
Request Handling Speed (#/second): 0
Avialable Sending Queue Items: 255
Total Sending Queue Items: 256
ManagementServer ----------------------------------
Started Time: 2015/3/15 13:20:17
Is Running: True
Total Connections: 0
Maximum Allowed Connection Number: 100
Total Handled Requests: 0
Request Handling Speed (#/second): 0
Avialable Sending Queue Items: 256
Total Sending Queue Items: 256
SilverlightPolicyServer ----------------------------------
Started Time: 2015/3/15 13:20:17
Is Running: True
Total Connections: 0
Maximum Allowed Connection Number: 10
Total Handled Requests: 0
Request Handling Speed (#/second): 0
Avialable Sending Queue Items: 256
Total Sending Queue Items: 256

2015-03-15 13:49:17,733 Performance - ---------------------------------------------------
CPU Usage: 0.00%, Physical Memory Usage: 55,963,648.00, Total Thread Count: 25
AvailableWorkingThreads: 32764, AvailableCompletionPortThreads: 1000
MaxWorkingThreads: 32767, MaxCompletionPortThreads: 1000
GameService ----------------------------------
Started Time: 2015/3/15 13:20:17
Is Running: True
Total Connections: 1
Maximum Allowed Connection Number: 1000
Total Handled Requests: 0
Request Handling Speed (#/second): 0
Avialable Sending Queue Items: 255
Total Sending Queue Items: 256
ManagementServer ----------------------------------
Started Time: 2015/3/15 13:20:17
Is Running: True
Total Connections: 0
Maximum Allowed Connection Number: 100
Total Handled Requests: 0
Request Handling Speed (#/second): 0
Avialable Sending Queue Items: 256
Total Sending Queue Items: 256
SilverlightPolicyServer ----------------------------------
Started Time: 2015/3/15 13:20:17
Is Running: True
Total Connections: 0
Maximum Allowed Connection Number: 10
Total Handled Requests: 0
Request Handling Speed (#/second): 0
Avialable Sending Queue Items: 256
Total Sending Queue Items: 256

2015-03-15 13:50:17,753 Performance - ---------------------------------------------------
CPU Usage: 0.03%, Physical Memory Usage: 57,327,616.00, Total Thread Count: 26
AvailableWorkingThreads: 32764, AvailableCompletionPortThreads: 1000
MaxWorkingThreads: 32767, MaxCompletionPortThreads: 1000
GameService ----------------------------------
Started Time: 2015/3/15 13:20:17
Is Running: True
Total Connections: 0
Maximum Allowed Connection Number: 1000
Total Handled Requests: 0
Request Handling Speed (#/second): 0
Avialable Sending Queue Items: 256
Total Sending Queue Items: 256
ManagementServer ----------------------------------
Started Time: 2015/3/15 13:20:17
Is Running: True
Total Connections: 0
Maximum Allowed Connection Number: 100
Total Handled Requests: 0
Request Handling Speed (#/second): 0
Avialable Sending Queue Items: 256
Total Sending Queue Items: 256
SilverlightPolicyServer ----------------------------------
Started Time: 2015/3/15 13:20:17
Is Running: True
Total Connections: 0
Maximum Allowed Connection Number: 10
Total Handled Requests: 0
Request Handling Speed (#/second): 0
Avialable Sending Queue Items: 256
Total Sending Queue Items: 256

2015-03-15 13:51:17,743 Performance - ---------------------------------------------------
CPU Usage: 0.06%, Physical Memory Usage: 58,851,328.00, Total Thread Count: 26
AvailableWorkingThreads: 32766, AvailableCompletionPortThreads: 1000
MaxWorkingThreads: 32767, MaxCompletionPortThreads: 1000
GameService ----------------------------------
Started Time: 2015/3/15 13:20:17
Is Running: True
Total Connections: 1
Maximum Allowed Connection Number: 1000
Total Handled Requests: 1
Request Handling Speed (#/second): 0
Avialable Sending Queue Items: 255
Total Sending Queue Items: 256
ManagementServer ----------------------------------
Started Time: 2015/3/15 13:20:17
Is Running: True
Total Connections: 0
Maximum Allowed Connection Number: 100
Total Handled Requests: 0
Request Handling Speed (#/second): 0
Avialable Sending Queue Items: 256
Total Sending Queue Items: 256
SilverlightPolicyServer ----------------------------------
Started Time: 2015/3/15 13:20:17
Is Running: True
Total Connections: 0
Maximum Allowed Connection Number: 10
Total Handled Requests: 0
Request Handling Speed (#/second): 0
Avialable Sending Queue Items: 256
Total Sending Queue Items: 256

2015-03-15 13:52:17,744 Performance - ---------------------------------------------------
CPU Usage: 0.00%, Physical Memory Usage: 59,248,640.00, Total Thread Count: 25
AvailableWorkingThreads: 32766, AvailableCompletionPortThreads: 1000
MaxWorkingThreads: 32767, MaxCompletionPortThreads: 1000
GameService ----------------------------------
Started Time: 2015/3/15 13:20:17
Is Running: True
Total Connections: 1
Maximum Allowed Connection Number: 1000
Total Handled Requests: 1
Request Handling Speed (#/second): 0
Avialable Sending Queue Items: 255
Total Sending Queue Items: 256
ManagementServer ----------------------------------
Started Time: 2015/3/15 13:20:17
Is Running: True
Total Connections: 0
Maximum Allowed Connection Number: 100
Total Handled Requests: 0
Request Handling Speed (#/second): 0
Avialable Sending Queue Items: 256
Total Sending Queue Items: 256
SilverlightPolicyServer ----------------------------------
Started Time: 2015/3/15 13:20:17
Is Running: True
Total Connections: 0
Maximum Allowed Connection Number: 10
Total Handled Requests: 0
Request Handling Speed (#/second): 0
Avialable Sending Queue Items: 256
Total Sending Queue Items: 256

2015-03-15 13:53:54,596 Performance - ---------------------------------------------------
CPU Usage: 0.00%, Physical Memory Usage: 38,580,224.00, Total Thread Count: 24
AvailableWorkingThreads: 32766, AvailableCompletionPortThreads: 1000
MaxWorkingThreads: 32767, MaxCompletionPortThreads: 1000
GameService ----------------------------------
Started Time: 2015/3/15 13:53:54
Is Running: True
Total Connections: 0
Maximum Allowed Connection Number: 1000
Total Handled Requests: 0
Request Handling Speed (#/second): 0
Avialable Sending Queue Items: 256
Total Sending Queue Items: 256
ManagementServer ----------------------------------
Started Time: 2015/3/15 13:53:54
Is Running: True
Total Connections: 0
Maximum Allowed Connection Number: 100
Total Handled Requests: 0
Request Handling Speed (#/second): 0
Avialable Sending Queue Items: 256
Total Sending Queue Items: 256
SilverlightPolicyServer ----------------------------------
Started Time: 2015/3/15 13:53:54
Is Running: True
Total Connections: 0
Maximum Allowed Connection Number: 10
Total Handled Requests: 0
Request Handling Speed (#/second): 0
Avialable Sending Queue Items: 256
Total Sending Queue Items: 256

2015-03-15 13:54:54,580 Performance - ---------------------------------------------------
CPU Usage: 0.31%, Physical Memory Usage: 45,953,024.00, Total Thread Count: 31
AvailableWorkingThreads: 32766, AvailableCompletionPortThreads: 1000
MaxWorkingThreads: 32767, MaxCompletionPortThreads: 1000
GameService ----------------------------------
Started Time: 2015/3/15 13:53:54
Is Running: True
Total Connections: 1
Maximum Allowed Connection Number: 1000
Total Handled Requests: 2
Request Handling Speed (#/second): 0
Avialable Sending Queue Items: 255
Total Sending Queue Items: 256
ManagementServer ----------------------------------
Started Time: 2015/3/15 13:53:54
Is Running: True
Total Connections: 0
Maximum Allowed Connection Number: 100
Total Handled Requests: 0
Request Handling Speed (#/second): 0
Avialable Sending Queue Items: 256
Total Sending Queue Items: 256
SilverlightPolicyServer ----------------------------------
Started Time: 2015/3/15 13:53:54
Is Running: True
Total Connections: 0
Maximum Allowed Connection Number: 10
Total Handled Requests: 0
Request Handling Speed (#/second): 0
Avialable Sending Queue Items: 256
Total Sending Queue Items: 256

